0 info it worked if it ends with ok
1 verbose cli [ '/usr/local/bin/node',
1 verbose cli   '/usr/local/bin/npm',
1 verbose cli   'install',
1 verbose cli   '-g',
1 verbose cli   'mup' ]
2 info using npm@2.15.9
3 info using node@v4.6.1
4 verbose install initial load of /usr/local/lib/package.json
5 verbose readDependencies loading dependencies from /usr/local/lib/package.json
6 silly cache add args [ 'mup', null ]
7 verbose cache add spec mup
8 silly cache add parsed spec Result {
8 silly cache add   raw: 'mup',
8 silly cache add   scope: null,
8 silly cache add   name: 'mup',
8 silly cache add   rawSpec: '',
8 silly cache add   spec: 'latest',
8 silly cache add   type: 'tag' }
9 silly addNamed mup@latest
10 verbose addNamed "latest" is being treated as a dist-tag for mup
11 info addNameTag [ 'mup', 'latest' ]
12 silly mapToRegistry name mup
13 silly mapToRegistry using default registry
14 silly mapToRegistry registry https://registry.npmjs.org/
15 silly mapToRegistry data Result {
15 silly mapToRegistry   raw: 'mup',
15 silly mapToRegistry   scope: null,
15 silly mapToRegistry   name: 'mup',
15 silly mapToRegistry   rawSpec: '',
15 silly mapToRegistry   spec: 'latest',
15 silly mapToRegistry   type: 'tag' }
16 silly mapToRegistry uri https://registry.npmjs.org/mup
17 verbose addNameTag registry:https://registry.npmjs.org/mup not in flight; fetching
18 verbose request uri https://registry.npmjs.org/mup
19 verbose request no auth needed
20 info attempt registry request try #1 at 14:03:16
21 verbose request id 0036d6b5290645d1
22 http request GET https://registry.npmjs.org/mup
23 http 200 https://registry.npmjs.org/mup
24 verbose headers { server: 'CouchDB/1.5.0 (Erlang OTP/R16B03)',
24 verbose headers   etag: '"347U1QP8UJGVLBLG3MMEW8E1B"',
24 verbose headers   'content-type': 'application/json',
24 verbose headers   'content-encoding': 'gzip',
24 verbose headers   'cache-control': 'max-age=300',
24 verbose headers   'content-length': '14503',
24 verbose headers   'accept-ranges': 'bytes',
24 verbose headers   date: 'Fri, 21 Oct 2016 12:03:17 GMT',
24 verbose headers   via: '1.1 varnish',
24 verbose headers   age: '0',
24 verbose headers   connection: 'close',
24 verbose headers   'x-served-by': 'cache-cdg8726-CDG',
24 verbose headers   'x-cache': 'MISS',
24 verbose headers   'x-cache-hits': '0',
24 verbose headers   'x-timer': 'S1477051396.993734,VS0,VE406',
24 verbose headers   vary: 'Accept-Encoding' }
25 silly get cb [ 200,
25 silly get   { server: 'CouchDB/1.5.0 (Erlang OTP/R16B03)',
25 silly get     etag: '"347U1QP8UJGVLBLG3MMEW8E1B"',
25 silly get     'content-type': 'application/json',
25 silly get     'content-encoding': 'gzip',
25 silly get     'cache-control': 'max-age=300',
25 silly get     'content-length': '14503',
25 silly get     'accept-ranges': 'bytes',
25 silly get     date: 'Fri, 21 Oct 2016 12:03:17 GMT',
25 silly get     via: '1.1 varnish',
25 silly get     age: '0',
25 silly get     connection: 'close',
25 silly get     'x-served-by': 'cache-cdg8726-CDG',
25 silly get     'x-cache': 'MISS',
25 silly get     'x-cache-hits': '0',
25 silly get     'x-timer': 'S1477051396.993734,VS0,VE406',
25 silly get     vary: 'Accept-Encoding' } ]
26 verbose get saving mup to /Users/matthieum/.npm/registry.npmjs.org/mup/.cache.json
27 verbose correctMkdir /Users/matthieum/.npm correctMkdir not in flight; initializing
28 silly addNameTag next cb for mup with tag latest
29 silly addNamed mup@1.0.4
30 verbose addNamed "1.0.4" is a plain semver version for mup
31 silly mapToRegistry name mup
32 silly mapToRegistry using default registry
33 silly mapToRegistry registry https://registry.npmjs.org/
34 silly mapToRegistry data Result {
34 silly mapToRegistry   raw: 'mup',
34 silly mapToRegistry   scope: null,
34 silly mapToRegistry   name: 'mup',
34 silly mapToRegistry   rawSpec: '',
34 silly mapToRegistry   spec: 'latest',
34 silly mapToRegistry   type: 'tag' }
35 silly mapToRegistry uri https://registry.npmjs.org/mup
36 verbose addRemoteTarball https://registry.npmjs.org/mup/-/mup-1.0.4.tgz not in flight; adding
37 verbose addRemoteTarball [ 'https://registry.npmjs.org/mup/-/mup-1.0.4.tgz',
37 verbose addRemoteTarball   'da4ae50c80a7fd1b81d968868b813458c74b2192' ]
38 info retry fetch attempt 1 at 14:03:17
39 info attempt registry request try #1 at 14:03:17
40 http fetch GET https://registry.npmjs.org/mup/-/mup-1.0.4.tgz
41 http fetch 200 https://registry.npmjs.org/mup/-/mup-1.0.4.tgz
42 silly fetchAndShaCheck shasum da4ae50c80a7fd1b81d968868b813458c74b2192
43 verbose addTmpTarball /var/folders/1g/5s1xyfpj6pz7shv57r0jqs2c0000gn/T/npm-568-2dc5b0d2/registry.npmjs.org/mup/-/mup-1.0.4.tgz not in flight; adding
44 verbose addTmpTarball already have metadata; skipping unpack for mup@1.0.4
45 verbose correctMkdir /Users/matthieum/.npm correctMkdir not in flight; initializing
46 silly cache afterAdd mup@1.0.4
47 verbose afterAdd /Users/matthieum/.npm/mup/1.0.4/package/package.json not in flight; writing
48 verbose correctMkdir /Users/matthieum/.npm correctMkdir not in flight; initializing
49 verbose afterAdd /Users/matthieum/.npm/mup/1.0.4/package/package.json written
50 silly install resolved [ { name: 'mup',
50 silly install resolved     version: '1.0.4',
50 silly install resolved     description: 'Production Quality Meteor Deployments',
50 silly install resolved     main: 'lib/index.js',
50 silly install resolved     bin: { mup: './index.js' },
50 silly install resolved     scripts:
50 silly install resolved      { prepublish: 'nofat make',
50 silly install resolved        test: 'nofat test',
50 silly install resolved        lint: 'nofat lint' },
50 silly install resolved     repository:
50 silly install resolved      { type: 'git',
50 silly install resolved        url: 'git+https://github.com/kadirahq/meteor-up.git' },
50 silly install resolved     keywords: [ 'meteor' ],
50 silly install resolved     author: { name: 'Kadira Inc.' },
50 silly install resolved     license: 'MIT',
50 silly install resolved     bugs: { url: 'https://github.com/kadirahq/meteor-up/issues' },
50 silly install resolved     homepage: 'https://github.com/kadirahq/meteor-up#readme',
50 silly install resolved     devDependencies: { nofat: '1.0.x', ssh2: '0.4.x' },
50 silly install resolved     dependencies:
50 silly install resolved      { archiver: '1.x.x',
50 silly install resolved        'babel-polyfill': '6.6.1',
50 silly install resolved        bluebird: '3.x.x',
50 silly install resolved        commander: '2.9.x',
50 silly install resolved        debug: '2.x.x',
50 silly install resolved        nodemiral: '1.x.x',
50 silly install resolved        shelljs: '0.5.x',
50 silly install resolved        'silent-npm-registry-client': '2.x.x',
50 silly install resolved        'source-map-support': '0.4.0',
50 silly install resolved        underscore: '1.x.x',
50 silly install resolved        uuid: '2.x.x' },
50 silly install resolved     gitHead: 'b742c7874be9844a5a11c9bb0b39d7d61207cc96',
50 silly install resolved     _id: 'mup@1.0.4',
50 silly install resolved     _shasum: 'da4ae50c80a7fd1b81d968868b813458c74b2192',
50 silly install resolved     _from: 'mup@latest',
50 silly install resolved     _npmVersion: '3.9.3',
50 silly install resolved     _nodeVersion: '6.2.1',
50 silly install resolved     _npmUser: { name: 'madushan1000', email: 'madushan@kadira.io' },
50 silly install resolved     dist:
50 silly install resolved      { shasum: 'da4ae50c80a7fd1b81d968868b813458c74b2192',
50 silly install resolved        tarball: 'https://registry.npmjs.org/mup/-/mup-1.0.4.tgz' },
50 silly install resolved     maintainers: [ [Object], [Object], [Object] ],
50 silly install resolved     _npmOperationalInternal:
50 silly install resolved      { host: 'packages-12-west.internal.npmjs.com',
50 silly install resolved        tmp: 'tmp/mup-1.0.4.tgz_1476072987758_0.9372524798382074' },
50 silly install resolved     directories: {},
50 silly install resolved     _resolved: 'https://registry.npmjs.org/mup/-/mup-1.0.4.tgz' } ]
51 info install mup@1.0.4 into /usr/local/lib
52 info installOne mup@1.0.4
53 verbose installOne of mup to /usr/local/lib not in flight; installing
54 verbose correctMkdir /Users/matthieum/.npm/_locks correctMkdir not in flight; initializing
55 verbose lock using /Users/matthieum/.npm/_locks/mup-2c0f78d4aacbd233.lock for /usr/local/lib/node_modules/mup
56 silly install write writing mup 1.0.4 to /usr/local/lib/node_modules/mup
57 verbose unbuild lib/node_modules/mup
58 silly gentlyRm /usr/local/lib/node_modules/mup is being purged from base /usr/local
59 verbose gentlyRm don't care about contents; nuking /usr/local/lib/node_modules/mup
60 verbose tar unpack /Users/matthieum/.npm/mup/1.0.4/package.tgz
61 verbose tar unpacking to /usr/local/lib/node_modules/mup
62 silly gentlyRm /usr/local/lib/node_modules/mup is being purged
63 verbose gentlyRm don't care about contents; nuking /usr/local/lib/node_modules/mup
64 silly gunzTarPerm modes [ '755', '644' ]
65 error tar.unpack untar error /Users/matthieum/.npm/mup/1.0.4/package.tgz
66 verbose unlock done using /Users/matthieum/.npm/_locks/mup-2c0f78d4aacbd233.lock for /usr/local/lib/node_modules/mup
67 verbose fstream_path /usr/local/lib/node_modules/mup
68 verbose fstream_type Directory
69 verbose fstream_class DirWriter
70 verbose stack Error: EACCES: permission denied, mkdir '/usr/local/lib/node_modules/mup'
70 verbose stack     at Error (native)
71 verbose fstream_stack /usr/local/lib/node_modules/npm/node_modules/fstream/lib/dir-writer.js:35:25
71 verbose fstream_stack /usr/local/lib/node_modules/npm/node_modules/mkdirp/index.js:47:53
71 verbose fstream_stack FSReqWrap.oncomplete (fs.js:82:15)
72 verbose cwd /Users/matthieum/Documents/DevMeteor/microscope
73 error Darwin 16.0.0
74 error argv "/usr/local/bin/node" "/usr/local/bin/npm" "install" "-g" "mup"
75 error node v4.6.1
76 error npm  v2.15.9
77 error path /usr/local/lib/node_modules/mup
78 error code EACCES
79 error errno -13
80 error syscall mkdir
81 error Error: EACCES: permission denied, mkdir '/usr/local/lib/node_modules/mup'
81 error     at Error (native)
81 error  { [Error: EACCES: permission denied, mkdir '/usr/local/lib/node_modules/mup']
81 error   errno: -13,
81 error   code: 'EACCES',
81 error   syscall: 'mkdir',
81 error   path: '/usr/local/lib/node_modules/mup',
81 error   fstream_type: 'Directory',
81 error   fstream_path: '/usr/local/lib/node_modules/mup',
81 error   fstream_class: 'DirWriter',
81 error   fstream_stack:
81 error    [ '/usr/local/lib/node_modules/npm/node_modules/fstream/lib/dir-writer.js:35:25',
81 error      '/usr/local/lib/node_modules/npm/node_modules/mkdirp/index.js:47:53',
81 error      'FSReqWrap.oncomplete (fs.js:82:15)' ] }
82 error Please try running this command again as root/Administrator.
83 verbose exit [ -13, true ]
84 verbose unbuild lib/node_modules/mup
85 silly gentlyRm /usr/local/lib/node_modules/mup is being purged from base /usr/local
86 verbose gentlyRm don't care about contents; nuking /usr/local/lib/node_modules/mup
